#
# A fatal error has been detected by the Java Runtime Environment:
#
#  SIGBUS (0xa) at pc=0x00000001120ffd7b, pid=65563, tid=0x0000000000001803
#
# JRE version: Java(TM) SE Runtime Environment (8.0_131-b11) (build 1.8.0_131-b11)
# Java VM: Java HotSpot(TM) 64-Bit Server VM (25.131-b11 mixed mode bsd-amd64 compressed oops)
# Problematic frame:
# j  ListBinaryTree.getToString(LNode;)Ljava/lang/String;+0
#
# Failed to write core dump. Core dumps have been disabled. To enable core dumping, try "ulimit -c unlimited" before starting Java again
#
# If you would like to submit a bug report, please visit:
#   http://bugreport.java.com/bugreport/crash.jsp
#

---------------  T H R E A D  ---------------

Current thread (0x00007fe8c9804000):  JavaThread "main" [_thread_in_Java, id=6147, stack(0x0000700008060000,0x0000700008160000)]

siginfo: si_signo: 10 (SIGBUS), si_code: 2 (BUS_ADRERR), si_addr: 0x0000700008060fd8

Registers:
RAX=0x0000000108e7dae0, RBX=0x0000000108e7cce0, RCX=0x0000000000000280, RDX=0x0000000108e7d078
RSP=0x0000700008074fd8, RBP=0x0000700008075018, RSI=0x0000000795e2fb66, RDI=0x000000079580b724
R8 =0x0000000000000010, R9 =0x00000000f2b016e3, R10=0x0000000102b9d870, R11=0x0000000795e2fb40
R12=0x0000000000000000, R13=0x0000000108e7cc38, R14=0x0000700008075048, R15=0x00007fe8c9804000
RIP=0x00000001120ffd7b, EFLAGS=0x0000000000010202, ERR=0x0000000000000006
  TRAPNO=0x000000000000000e

Top of Stack: (sp=0x0000700008074fd8)
0x0000700008074fd8:   0000700008074fd8 0000000108e7cc38
0x0000700008074fe8:   0000700008075048 0000000108e7d078
0x0000700008074ff8:   0000000108e7dbe0 0000000108e7cce0
0x0000700008075008:   0000000000000000 0000700008075040
0x0000700008075018:   0000700008075098 00000001120ef0c0
0x0000700008075028:   0000000000000000 0000000000000000
0x0000700008075038:   0000000000000000 0000000000000000
0x0000700008075048:   0000000795808598 0000000795e2fb40
0x0000700008075058:   0000700008075058 0000000108e7cc75
0x0000700008075068:   00007000080750c8 0000000108e7d078
0x0000700008075078:   0000000108e7dd40 0000000108e7cce0
0x0000700008075088:   0000700008075040 00007000080750c0
0x0000700008075098:   0000700008075118 00000001120ef0c0
0x00007000080750a8:   000000079580b558 0000000000000000
0x00007000080750b8:   0000000795e2fb10 000000079580b558
0x00007000080750c8:   0000000795808598 0000000795e2fa50
0x00007000080750d8:   00007000080750d8 0000000108e7cc83
0x00007000080750e8:   0000700008075148 0000000108e7d078
0x00007000080750f8:   0000000108e7ddd0 0000000108e7cce0
0x0000700008075108:   00007000080750c0 0000700008075140
0x0000700008075118:   0000700008075198 00000001120ef0c0
0x0000700008075128:   000000079580b558 0000000000000000
0x0000700008075138:   0000000795e2fa20 000000079580b558
0x0000700008075148:   0000000795808598 0000000795e2f960
0x0000700008075158:   0000700008075158 0000000108e7cc83
0x0000700008075168:   00007000080751c8 0000000108e7d078
0x0000700008075178:   0000000108e7ddd0 0000000108e7cce0
0x0000700008075188:   0000700008075140 00007000080751c0
0x0000700008075198:   0000700008075218 00000001120ef0c0
0x00007000080751a8:   000000079580b558 0000000000000000
0x00007000080751b8:   0000000795e2f930 000000079580b558
0x00007000080751c8:   0000000795808598 0000000795e2f870 

Instructions: (pc=0x00000001120ffd7b)
0x00000001120ffd5b:   00 10 ff ff 89 84 24 00 00 ff ff 89 84 24 00 f0
0x00000001120ffd6b:   fe ff 89 84 24 00 e0 fe ff 89 84 24 00 d0 fe ff
0x00000001120ffd7b:   89 84 24 00 c0 fe ff 41 c6 87 95 02 00 00 00 41
0x00000001120ffd8b:   8b 97 98 03 00 00 85 d2 0f 84 14 01 00 00 e8 05 

Register to memory mapping:

RAX=0x0000000108e7dae0 is pointing into metadata
RBX={method} {0x0000000108e7cce0} 'getToString' '(LNode;)Ljava/lang/String;' in 'ListBinaryTree'
RCX=0x0000000000000280 is an unknown value
RDX=0x0000000108e7d078 is pointing into metadata
RSP=0x0000700008074fd8 is pointing into the stack for thread: 0x00007fe8c9804000
RBP=0x0000700008075018 is pointing into the stack for thread: 0x00007fe8c9804000
RSI=0x0000000795e2fb66 is an unknown value
RDI=0x000000079580b724 is an unknown value
R8 =0x0000000000000010 is an unknown value
R9 =0x00000000f2b016e3 is an unknown value
R10=0x0000000102b9d870: _ZN19TemplateInterpreter20_invoke_return_entryE+0 in /Library/Java/JavaVirtualMachines/jdk1.8.0_131.jdk/Contents/Home/jre/lib/server/libjvm.dylib at 0x00000001022aa000
R11=0x0000000795e2fb40 is an oop
java.lang.StringBuilder 
 - klass: 'java/lang/StringBuilder'
R12=0x0000000000000000 is an unknown value
R13=0x0000000108e7cc38 is pointing into metadata
R14=0x0000700008075048 is pointing into the stack for thread: 0x00007fe8c9804000
R15=0x00007fe8c9804000 is a thread


Stack: [0x0000700008060000,0x0000700008160000],  sp=0x0000700008074fd8,  free space=83k
Native frames: (J=compiled Java code, j=interpreted, Vv=VM code, C=native code)
j  ListBinaryTree.getToString(LNode;)Ljava/lang/String;+0
j  ListBinaryTree.getToString(LNode;)Ljava/lang/String;+61
j  ListBinaryTree.getToString(LNode;)Ljava/lang/String;+75
j  ListBinaryTree.getToString(LNode;)Ljava/lang/String;+75
j  ListBinaryTree.getToString(LNode;)Ljava/lang/String;+75
j  ListBinaryTree.getToString(LNode;)Ljava/lang/String;+75
j  ListBinaryTree.getToString(LNode;)Ljava/lang/String;+75
j  ListBinaryTree.getToString(LNode;)Ljava/lang/String;+75
j  ListBinaryTree.getToString(LNode;)Ljava/lang/String;+75
j  ListBinaryTree.getToString(LNode;)Ljava/lang/String;+75
j  ListBinaryTree.getToString(LNode;)Ljava/lang/String;+75
j  ListBinaryTree.getToString(LNode;)Ljava/lang/String;+75
j  ListBinaryTree.getToString(LNode;)Ljava/lang/String;+75
j  ListBinaryTree.getToString(LNode;)Ljava/lang/String;+75
j  ListBinaryTree.getToString(LNode;)Ljava/lang/String;+75
j  ListBinaryTree.getToString(LNode;)Ljava/lang/String;+75
j  ListBinaryTree.getToString(LNode;)Ljava/lang/String;+75
j  ListBinaryTree.getToString(LNode;)Ljava/lang/String;+75
j  ListBinaryTree.getToString(LNode;)Ljava/lang/String;+75
j  ListBinaryTree.getToString(LNode;)Ljava/lang/String;+75
j  ListBinaryTree.getToString(LNode;)Ljava/lang/String;+75
j  ListBinaryTree.getToString(LNode;)Ljava/lang/String;+75
j  ListBinaryTree.getToString(LNode;)Ljava/lang/String;+75
j  ListBinaryTree.getToString(LNode;)Ljava/lang/String;+75
j  ListBinaryTree.getToString(LNode;)Ljava/lang/String;+75
j  ListBinaryTree.getToString(LNode;)Ljava/lang/String;+75
j  ListBinaryTree.getToString(LNode;)Ljava/lang/String;+75
j  ListBinaryTree.getToString(LNode;)Ljava/lang/String;+75
j  ListBinaryTree.getToString(LNode;)Ljava/lang/String;+75
j  ListBinaryTree.getToString(LNode;)Ljava/lang/String;+75
j  ListBinaryTree.getToString(LNode;)Ljava/lang/String;+75
j  ListBinaryTree.getToString(LNode;)Ljava/lang/String;+75
j  ListBinaryTree.getToString(LNode;)Ljava/lang/String;+75
j  ListBinaryTree.getToString(LNode;)Ljava/lang/String;+75
j  ListBinaryTree.getToString(LNode;)Ljava/lang/String;+75
j  ListBinaryTree.getToString(LNode;)Ljava/lang/String;+75
j  ListBinaryTree.getToString(LNode;)Ljava/lang/String;+75
j  ListBinaryTree.getToString(LNode;)Ljava/lang/String;+75
j  ListBinaryTree.getToString(LNode;)Ljava/lang/String;+75
j  ListBinaryTree.getToString(LNode;)Ljava/lang/String;+75
j  ListBinaryTree.getToString(LNode;)Ljava/lang/String;+75
j  ListBinaryTree.getToString(LNode;)Ljava/lang/String;+75
j  ListBinaryTree.getToString(LNode;)Ljava/lang/String;+75
j  ListBinaryTree.getToString(LNode;)Ljava/lang/String;+75
j  ListBinaryTree.getToString(LNode;)Ljava/lang/String;+75
j  ListBinaryTree.getToString(LNode;)Ljava/lang/String;+75
j  ListBinaryTree.getToString(LNode;)Ljava/lang/String;+75
j  ListBinaryTree.getToString(LNode;)Ljava/lang/String;+75
j  ListBinaryTree.getToString(LNode;)Ljava/lang/String;+75
j  ListBinaryTree.getToString(LNode;)Ljava/lang/String;+75
j  ListBinaryTree.getToString(LNode;)Ljava/lang/String;+75
j  ListBinaryTree.getToString(LNode;)Ljava/lang/String;+75
j  ListBinaryTree.getToString(LNode;)Ljava/lang/String;+75
j  ListBinaryTree.getToString(LNode;)Ljava/lang/String;+75
j  ListBinaryTree.getToString(LNode;)Ljava/lang/String;+75
j  ListBinaryTree.getToString(LNode;)Ljava/lang/String;+75
j  ListBinaryTree.getToString(LNode;)Ljava/lang/String;+75
j  ListBinaryTree.getToString(LNode;)Ljava/lang/String;+75
j  ListBinaryTree.getToString(LNode;)Ljava/lang/String;+75
j  ListBinaryTree.getToString(LNode;)Ljava/lang/String;+75
j  ListBinaryTree.getToString(LNode;)Ljava/lang/String;+75
j  ListBinaryTree.getToString(LNode;)Ljava/lang/String;+75
j  ListBinaryTree.getToString(LNode;)Ljava/lang/String;+75
j  ListBinaryTree.getToString(LNode;)Ljava/lang/String;+75
j  ListBinaryTree.getToString(LNode;)Ljava/lang/String;+75
j  ListBinaryTree.getToString(LNode;)Ljava/lang/String;+75
j  ListBinaryTree.getToString(LNode;)Ljava/lang/String;+75
j  ListBinaryTree.getToString(LNode;)Ljava/lang/String;+75
j  ListBinaryTree.getToString(LNode;)Ljava/lang/String;+75
j  ListBinaryTree.getToString(LNode;)Ljava/lang/String;+75
j  ListBinaryTree.getToString(LNode;)Ljava/lang/String;+75
j  ListBinaryTree.getToString(LNode;)Ljava/lang/String;+75
j  ListBinaryTree.getToString(LNode;)Ljava/lang/String;+75
j  ListBinaryTree.getToString(LNode;)Ljava/lang/String;+75
j  ListBinaryTree.getToString(LNode;)Ljava/lang/String;+75
j  ListBinaryTree.getToString(LNode;)Ljava/lang/String;+75
j  ListBinaryTree.getToString(LNode;)Ljava/lang/String;+75
j  ListBinaryTree.getToString(LNode;)Ljava/lang/String;+75
j  ListBinaryTree.getToString(LNode;)Ljava/lang/String;+75
j  ListBinaryTree.getToString(LNode;)Ljava/lang/String;+75
j  ListBinaryTree.getToString(LNode;)Ljava/lang/String;+75
j  ListBinaryTree.getToString(LNode;)Ljava/lang/String;+75
j  ListBinaryTree.getToString(LNode;)Ljava/lang/String;+75
j  ListBinaryTree.getToString(LNode;)Ljava/lang/String;+75
j  ListBinaryTree.getToString(LNode;)Ljava/lang/String;+75
j  ListBinaryTree.getToString(LNode;)Ljava/lang/String;+75
j  ListBinaryTree.getToString(LNode;)Ljava/lang/String;+75
j  ListBinaryTree.getToString(LNode;)Ljava/lang/String;+75
j  ListBinaryTree.getToString(LNode;)Ljava/lang/String;+75
j  ListBinaryTree.getToString(LNode;)Ljava/lang/String;+75
j  ListBinaryTree.getToString(LNode;)Ljava/lang/String;+75
j  ListBinaryTree.getToString(LNode;)Ljava/lang/String;+75
j  ListBinaryTree.getToString(LNode;)Ljava/lang/String;+75
j  ListBinaryTree.getToString(LNode;)Ljava/lang/String;+75
j  ListBinaryTree.getToString(LNode;)Ljava/lang/String;+75
j  ListBinaryTree.getToString(LNode;)Ljava/lang/String;+75
j  ListBinaryTree.getToString(LNode;)Ljava/lang/String;+75
j  ListBinaryTree.getToString(LNode;)Ljava/lang/String;+75
j  ListBinaryTree.getToString(LNode;)Ljava/lang/String;+75
j  ListBinaryTree.getToString(LNode;)Ljava/lang/String;+75
...<more frames>...


---------------  P R O C E S S  ---------------

Java Threads: ( => current thread )
  0x00007fe8c8851000 JavaThread "Service Thread" daemon [_thread_blocked, id=15363, stack(0x0000700008f8d000,0x000070000908d000)]
  0x00007fe8c8853000 JavaThread "C1 CompilerThread2" daemon [_thread_blocked, id=17667, stack(0x0000700008e8a000,0x0000700008f8a000)]
  0x00007fe8ca0e4000 JavaThread "C2 CompilerThread1" daemon [_thread_blocked, id=15107, stack(0x0000700008d87000,0x0000700008e87000)]
  0x00007fe8c8865800 JavaThread "C2 CompilerThread0" daemon [_thread_in_native, id=14595, stack(0x0000700008c84000,0x0000700008d84000)]
  0x00007fe8c8842800 JavaThread "JDWP Event Helper Thread" daemon [_thread_blocked, id=14083, stack(0x0000700008a7e000,0x0000700008b7e000)]
  0x00007fe8c981d800 JavaThread "Signal Dispatcher" daemon [_thread_blocked, id=18947, stack(0x0000700008878000,0x0000700008978000)]
  0x00007fe8c980c800 JavaThread "Finalizer" daemon [_thread_blocked, id=19971, stack(0x0000700008775000,0x0000700008875000)]
  0x00007fe8c8839000 JavaThread "Reference Handler" daemon [_thread_blocked, id=11267, stack(0x0000700008672000,0x0000700008772000)]
=>0x00007fe8c9804000 JavaThread "main" [_thread_in_Java, id=6147, stack(0x0000700008060000,0x0000700008160000)]

Other Threads:
  0x00007fe8c8836800 VMThread [stack: 0x000070000856f000,0x000070000866f000] [id=20483]
  0x00007fe8ca0ed800 WatcherThread [stack: 0x0000700009090000,0x0000700009190000] [id=15875]

VM state:not at safepoint (normal execution)

VM Mutex/Monitor currently owned by a thread: None

Heap:
 PSYoungGen      total 38400K, used 9358K [0x0000000795580000, 0x0000000798000000, 0x00000007c0000000)
  eden space 33280K, 28% used [0x0000000795580000,0x0000000795ea3860,0x0000000797600000)
  from space 5120K, 0% used [0x0000000797b00000,0x0000000797b00000,0x0000000798000000)
  to   space 5120K, 0% used [0x0000000797600000,0x0000000797600000,0x0000000797b00000)
 ParOldGen       total 87552K, used 0K [0x0000000740000000, 0x0000000745580000, 0x0000000795580000)
  object space 87552K, 0% used [0x0000000740000000,0x0000000740000000,0x0000000745580000)
 Metaspace       used 3198K, capacity 4600K, committed 4864K, reserved 1056768K
  class space    used 344K, capacity 424K, committed 512K, reserved 1048576K

Card table byte_map: [0x0000000103fc0000,0x00000001043c1000] byte_map_base: 0x00000001005c0000

Marking Bits: (ParMarkBitMap*) 0x0000000102b9bea0
 Begin Bits: [0x000000010466c000, 0x000000010666c000)
 End Bits:   [0x000000010666c000, 0x000000010866c000)

Polling page: 0x0000000103290000

CodeCache: size=245760Kb used=1197Kb max_used=1212Kb free=244562Kb
 bounds [0x00000001120e7000, 0x0000000112357000, 0x00000001210e7000]
 total_blobs=295 nmethods=61 adapters=157
 compilation: enabled

Compilation events (10 events):
Event: 251.683 Thread 0x00007fe8ca0e4000 nmethod 57 0x0000000112211090 code [0x00000001122111e0, 0x00000001122112d8]
Event: 252.486 Thread 0x00007fe8c8865800   58       4       java.util.Arrays::copyOfRange (63 bytes)
Event: 252.489 Thread 0x00007fe8c8865800 nmethod 58 0x00000001122126d0 code [0x0000000112212820, 0x0000000112212a38]
Event: 252.518 Thread 0x00007fe8ca0e4000   59       4       java.lang.String::<init> (82 bytes)
Event: 252.523 Thread 0x00007fe8ca0e4000 nmethod 59 0x0000000112212010 code [0x0000000112212180, 0x00000001122124d8]
Event: 252.811 Thread 0x00007fe8c8865800   60       4       java.lang.StringBuilder::toString (17 bytes)
Event: 252.817 Thread 0x00007fe8c8865800 nmethod 60 0x0000000112211810 code [0x0000000112211980, 0x0000000112211d58]
Event: 253.343 Thread 0x00007fe8ca0e4000   61       4       java.lang.StringBuilder::append (9 bytes)
Event: 253.374 Thread 0x00007fe8ca0e4000 nmethod 61 0x0000000112215f50 code [0x0000000112216120, 0x0000000112216ea8]
Event: 373.139 Thread 0x00007fe8c8865800   62       4       ListBinaryTree::getToString (92 bytes)

GC Heap History (0 events):
No events

Deoptimization events (0 events):
No events

Internal exceptions (5 events):
Event: 0.069 Thread 0x00007fe8c9804000 Exception <a 'java/lang/NoSuchMethodError': Method sun.misc.Unsafe.defineClass(Ljava/lang/String;[BII)Ljava/lang/Class; name or signature does not match> (0x0000000795587ca8) thrown at [/Users/java_re/workspace/8-2-build-macosx-x86_64/jdk8u131/8869/hotspo
Event: 0.069 Thread 0x00007fe8c9804000 Exception <a 'java/lang/NoSuchMethodError': Method sun.misc.Unsafe.prefetchRead(Ljava/lang/Object;J)V name or signature does not match> (0x0000000795587f90) thrown at [/Users/java_re/workspace/8-2-build-macosx-x86_64/jdk8u131/8869/hotspot/src/share/vm/pri
Event: 255.487 Thread 0x00007fe8c9804000 StackOverflowError at 0x0000000112211200
Event: 255.488 Thread 0x00007fe8c9804000 Exception <a 'java/lang/StackOverflowError'> (0x0000000795abd550) thrown at [/Users/java_re/workspace/8-2-build-macosx-x86_64/jdk8u131/8869/hotspot/src/share/vm/runtime/sharedRuntime.cpp, line 605]
Event: 260.066 Thread 0x00007fe8c9804000 Exception <a 'java/lang/StackOverflowError'> (0x0000000795c742f0) thrown at [/Users/java_re/workspace/8-2-build-macosx-x86_64/jdk8u131/8869/hotspot/src/share/vm/interpreter/interpreterRuntime.cpp, line 323]

Events (10 events):
Event: 373.131 Executing VM operation: ChangeBreakpoints
Event: 373.131 Executing VM operation: ChangeBreakpoints done
Event: 373.134 Executing VM operation: ChangeBreakpoints
Event: 373.134 Executing VM operation: ChangeBreakpoints done
Event: 373.135 Executing VM operation: ChangeBreakpoints
Event: 373.135 Executing VM operation: ChangeBreakpoints done
Event: 373.135 Executing VM operation: ChangeBreakpoints
Event: 373.135 Executing VM operation: ChangeBreakpoints done
Event: 373.136 Thread 0x00007fe8c9035800 Thread exited: 0x00007fe8c9035800
Event: 373.136 Thread 0x00007fe8c9036000 Thread exited: 0x00007fe8c9036000


Dynamic libraries:
0x000000000a233000 	/System/Library/Frameworks/Cocoa.framework/Versions/A/Cocoa
0x000000000a233000 	/System/Library/Frameworks/Security.framework/Versions/A/Security
0x000000000a233000 	/System/Library/Frameworks/ApplicationServices.framework/Versions/A/ApplicationServices
0x000000000a233000 	/usr/lib/libz.1.dylib
0x000000000a233000 	/usr/lib/libSystem.B.dylib
0x000000000a233000 	/usr/lib/libobjc.A.dylib
0x000000000a233000 	/System/Library/Frameworks/CoreFoundation.framework/Versions/A/CoreFoundation
0x000000000a233000 	/System/Library/Frameworks/Foundation.framework/Versions/C/Foundation
0x000000000a233000 	/System/Library/Frameworks/AppKit.framework/Versions/C/AppKit
0x000000000a233000 	/System/Library/Frameworks/CoreData.framework/Versions/A/CoreData
0x000000000a233000 	/System/Library/PrivateFrameworks/RemoteViewServices.framework/Versions/A/RemoteViewServices
0x000000000a233000 	/System/Library/PrivateFrameworks/UIFoundation.framework/Versions/A/UIFoundation
0x000000000a233000 	/System/Library/PrivateFrameworks/XCTTargetBootstrap.framework/Versions/A/XCTTargetBootstrap
0x000000000a233000 	/System/Library/PrivateFrameworks/IconServices.framework/Versions/A/IconServices
0x000000000a233000 	/System/Library/Frameworks/Metal.framework/Versions/A/Metal
0x000000000a233000 	/System/Library/PrivateFrameworks/DesktopServicesPriv.framework/Versions/A/DesktopServicesPriv
0x000000000a233000 	/usr/lib/libenergytrace.dylib
0x000000000a233000 	/System/Library/PrivateFrameworks/SkyLight.framework/Versions/A/SkyLight
0x000000000a233000 	/System/Library/Frameworks/CoreGraphics.framework/Versions/A/CoreGraphics
0x000000000a233000 	/System/Library/Frameworks/Accelerate.framework/Versions/A/Accelerate
0x000000000a233000 	/System/Library/Frameworks/IOSurface.framework/Versions/A/IOSurface
0x000000000a233000 	/System/Library/PrivateFrameworks/DFRFoundation.framework/Versions/A/DFRFoundation
0x000000000a233000 	/System/Library/Frameworks/AudioToolbox.framework/Versions/A/AudioToolbox
0x000000000a233000 	/System/Library/Frameworks/AudioUnit.framework/Versions/A/AudioUnit
0x000000000a233000 	/System/Library/PrivateFrameworks/DataDetectorsCore.framework/Versions/A/DataDetectorsCore
0x000000000a233000 	/System/Library/Frameworks/Carbon.framework/Versions/A/Frameworks/HIToolbox.framework/Versions/A/HIToolbox
0x000000000a233000 	/usr/lib/libicucore.A.dylib
0x000000000a233000 	/System/Library/Frameworks/QuartzCore.framework/Versions/A/QuartzCore
0x000000000a233000 	/System/Library/Frameworks/Carbon.framework/Versions/A/Frameworks/SpeechRecognition.framework/Versions/A/SpeechRecognition
0x000000000a233000 	/usr/lib/libauto.dylib
0x000000000a233000 	/usr/lib/libxml2.2.dylib
0x000000000a233000 	/System/Library/PrivateFrameworks/CoreUI.framework/Versions/A/CoreUI
0x000000000a233000 	/System/Library/Frameworks/CoreAudio.framework/Versions/A/CoreAudio
0x000000000a233000 	/System/Library/Frameworks/DiskArbitration.framework/Versions/A/DiskArbitration
0x000000000a233000 	/usr/lib/liblangid.dylib
0x000000000a233000 	/System/Library/PrivateFrameworks/MultitouchSupport.framework/Versions/A/MultitouchSupport
0x000000000a233000 	/System/Library/Frameworks/IOKit.framework/Versions/A/IOKit
0x000000000a233000 	/usr/lib/libDiagnosticMessagesClient.dylib
0x000000000a233000 	/System/Library/Frameworks/CoreServices.framework/Versions/A/CoreServices
0x000000000a233000 	/System/Library/PrivateFrameworks/PerformanceAnalysis.framework/Versions/A/PerformanceAnalysis
0x000000000a233000 	/System/Library/Frameworks/OpenGL.framework/Versions/A/OpenGL
0x000000000a233000 	/System/Library/Frameworks/ColorSync.framework/Versions/A/ColorSync
0x000000000a233000 	/System/Library/Frameworks/CoreImage.framework/Versions/A/CoreImage
0x000000000a233000 	/System/Library/Frameworks/CoreText.framework/Versions/A/CoreText
0x000000000a233000 	/System/Library/Frameworks/ImageIO.framework/Versions/A/ImageIO
0x000000000a233000 	/System/Library/PrivateFrameworks/Backup.framework/Versions/A/Backup
0x000000000a233000 	/usr/lib/libarchive.2.dylib
0x000000000a233000 	/System/Library/Frameworks/CFNetwork.framework/Versions/A/CFNetwork
0x000000000a233000 	/System/Library/Frameworks/SystemConfiguration.framework/Versions/A/SystemConfiguration
0x000000000a233000 	/usr/lib/libCRFSuite.dylib
0x000000000a233000 	/usr/lib/libc++.1.dylib
0x000000000a233000 	/usr/lib/libc++abi.dylib
0x000000000a233000 	/usr/lib/system/libcache.dylib
0x000000000a233000 	/usr/lib/system/libcommonCrypto.dylib
0x000000000a233000 	/usr/lib/system/libcompiler_rt.dylib
0x000000000a233000 	/usr/lib/system/libcopyfile.dylib
0x000000000a233000 	/usr/lib/system/libcorecrypto.dylib
0x000000000a233000 	/usr/lib/system/libdispatch.dylib
0x000000000a233000 	/usr/lib/system/libdyld.dylib
0x000000000a233000 	/usr/lib/system/libkeymgr.dylib
0x000000000a233000 	/usr/lib/system/liblaunch.dylib
0x000000000a233000 	/usr/lib/system/libmacho.dylib
0x000000000a233000 	/usr/lib/system/libquarantine.dylib
0x000000000a233000 	/usr/lib/system/libremovefile.dylib
0x000000000a233000 	/usr/lib/system/libsystem_asl.dylib
0x000000000a233000 	/usr/lib/system/libsystem_blocks.dylib
0x000000000a233000 	/usr/lib/system/libsystem_c.dylib
0x000000000a233000 	/usr/lib/system/libsystem_configuration.dylib
0x000000000a233000 	/usr/lib/system/libsystem_coreservices.dylib
0x000000000a233000 	/usr/lib/system/libsystem_darwin.dylib
0x000000000a233000 	/usr/lib/system/libsystem_dnssd.dylib
0x000000000a233000 	/usr/lib/system/libsystem_info.dylib
0x000000000a233000 	/usr/lib/system/libsystem_m.dylib
0x000000000a233000 	/usr/lib/system/libsystem_malloc.dylib
0x000000000a233000 	/usr/lib/system/libsystem_networkextension.dylib
0x000000000a233000 	/usr/lib/system/libsystem_notify.dylib
0x000000000a233000 	/usr/lib/system/libsystem_sandbox.dylib
0x000000000a233000 	/usr/lib/system/libsystem_secinit.dylib
0x000000000a233000 	/usr/lib/system/libsystem_kernel.dylib
0x000000000a233000 	/usr/lib/system/libsystem_platform.dylib
0x000000000a233000 	/usr/lib/system/libsystem_pthread.dylib
0x000000000a233000 	/usr/lib/system/libsystem_symptoms.dylib
0x000000000a233000 	/usr/lib/system/libsystem_trace.dylib
0x000000000a233000 	/usr/lib/system/libunwind.dylib
0x000000000a233000 	/usr/lib/system/libxpc.dylib
0x000000000a233000 	/usr/lib/libbsm.0.dylib
0x000000000a233000 	/usr/lib/system/libkxld.dylib
0x000000000a233000 	/System/Library/PrivateFrameworks/AppleFSCompression.framework/Versions/A/AppleFSCompression
0x000000000a233000 	/usr/lib/libOpenScriptingUtil.dylib
0x000000000a233000 	/usr/lib/libcoretls.dylib
0x000000000a233000 	/usr/lib/libcoretls_cfhelpers.dylib
0x000000000a233000 	/usr/lib/libpam.2.dylib
0x000000000a233000 	/usr/lib/libsqlite3.dylib
0x000000000a233000 	/usr/lib/libxar.1.dylib
0x000000000a233000 	/usr/lib/libbz2.1.0.dylib
0x000000000a233000 	/usr/lib/liblzma.5.dylib
0x000000000a233000 	/usr/lib/libnetwork.dylib
0x000000000a233000 	/usr/lib/libapple_nghttp2.dylib
0x000000000a233000 	/usr/lib/libpcap.A.dylib
0x000000000a233000 	/System/Library/Frameworks/CoreServices.framework/Versions/A/Frameworks/FSEvents.framework/Versions/A/FSEvents
0x000000000a233000 	/System/Library/Frameworks/CoreServices.framework/Versions/A/Frameworks/CarbonCore.framework/Versions/A/CarbonCore
0x000000000a233000 	/System/Library/Frameworks/CoreServices.framework/Versions/A/Frameworks/Metadata.framework/Versions/A/Metadata
0x000000000a233000 	/System/Library/Frameworks/CoreServices.framework/Versions/A/Frameworks/OSServices.framework/Versions/A/OSServices
0x000000000a233000 	/System/Library/Frameworks/CoreServices.framework/Versions/A/Frameworks/SearchKit.framework/Versions/A/SearchKit
0x000000000a233000 	/System/Library/Frameworks/CoreServices.framework/Versions/A/Frameworks/AE.framework/Versions/A/AE
0x000000000a233000 	/System/Library/Frameworks/CoreServices.framework/Versions/A/Frameworks/LaunchServices.framework/Versions/A/LaunchServices
0x000000000a233000 	/System/Library/Frameworks/CoreServices.framework/Versions/A/Frameworks/DictionaryServices.framework/Versions/A/DictionaryServices
0x000000000a233000 	/System/Library/Frameworks/CoreServices.framework/Versions/A/Frameworks/SharedFileList.framework/Versions/A/SharedFileList
0x000000000a233000 	/System/Library/Frameworks/NetFS.framework/Versions/A/NetFS
0x000000000a233000 	/System/Library/PrivateFrameworks/NetAuth.framework/Versions/A/NetAuth
0x000000000a233000 	/System/Library/PrivateFrameworks/login.framework/Versions/A/Frameworks/loginsupport.framework/Versions/A/loginsupport
0x000000000a233000 	/System/Library/PrivateFrameworks/TCC.framework/Versions/A/TCC
0x000000000a233000 	/System/Library/PrivateFrameworks/CoreNLP.framework/Versions/A/CoreNLP
0x000000000a233000 	/System/Library/PrivateFrameworks/MetadataUtilities.framework/Versions/A/MetadataUtilities
0x000000000a233000 	/usr/lib/libmecabra.dylib
0x000000000a233000 	/System/Library/Frameworks/ApplicationServices.framework/Versions/A/Frameworks/ATS.framework/Versions/A/ATS
0x000000000a233000 	/System/Library/Frameworks/ApplicationServices.framework/Versions/A/Frameworks/ColorSyncLegacy.framework/Versions/A/ColorSyncLegacy
0x000000000a233000 	/System/Library/Frameworks/ApplicationServices.framework/Versions/A/Frameworks/HIServices.framework/Versions/A/HIServices
0x000000000a233000 	/System/Library/Frameworks/ApplicationServices.framework/Versions/A/Frameworks/LangAnalysis.framework/Versions/A/LangAnalysis
0x000000000a233000 	/System/Library/Frameworks/ApplicationServices.framework/Versions/A/Frameworks/PrintCore.framework/Versions/A/PrintCore
0x000000000a233000 	/System/Library/Frameworks/ApplicationServices.framework/Versions/A/Frameworks/QD.framework/Versions/A/QD
0x000000000a233000 	/System/Library/Frameworks/ApplicationServices.framework/Versions/A/Frameworks/SpeechSynthesis.framework/Versions/A/SpeechSynthesis
0x000000000a233000 	/usr/lib/libcompression.dylib
0x000000000a233000 	/System/Library/Frameworks/CoreDisplay.framework/Versions/A/CoreDisplay
0x000000000a233000 	/System/Library/Frameworks/MetalPerformanceShaders.framework/Versions/A/MetalPerformanceShaders
0x000000000a233000 	/System/Library/Frameworks/Accelerate.framework/Versions/A/Frameworks/vImage.framework/Versions/A/vImage
0x000000000a233000 	/System/Library/Frameworks/Accelerate.framework/Versions/A/Frameworks/vecLib.framework/Versions/A/vecLib
0x000000000a233000 	/System/Library/Frameworks/Accelerate.framework/Versions/A/Frameworks/vecLib.framework/Versions/A/libvMisc.dylib
0x000000000a233000 	/System/Library/Frameworks/Accelerate.framework/Versions/A/Frameworks/vecLib.framework/Versions/A/libvDSP.dylib
0x000000000a233000 	/System/Library/Frameworks/Accelerate.framework/Versions/A/Frameworks/vecLib.framework/Versions/A/libBLAS.dylib
0x000000000a233000 	/System/Library/Frameworks/Accelerate.framework/Versions/A/Frameworks/vecLib.framework/Versions/A/libLAPACK.dylib
0x000000000a233000 	/System/Library/Frameworks/Accelerate.framework/Versions/A/Frameworks/vecLib.framework/Versions/A/libLinearAlgebra.dylib
0x000000000a233000 	/System/Library/Frameworks/Accelerate.framework/Versions/A/Frameworks/vecLib.framework/Versions/A/libSparseBLAS.dylib
0x000000000a233000 	/System/Library/Frameworks/Accelerate.framework/Versions/A/Frameworks/vecLib.framework/Versions/A/libQuadrature.dylib
0x000000000a233000 	/System/Library/Frameworks/Accelerate.framework/Versions/A/Frameworks/vecLib.framework/Versions/A/libBNNS.dylib
0x000000000a233000 	/System/Library/Frameworks/Accelerate.framework/Versions/A/Frameworks/vecLib.framework/Versions/A/libSparse.dylib
0x000000000a233000 	/System/Library/PrivateFrameworks/GPUWrangler.framework/Versions/A/GPUWrangler
0x000000000a233000 	/System/Library/PrivateFrameworks/IOAccelerator.framework/Versions/A/IOAccelerator
0x000000000a233000 	/System/Library/PrivateFrameworks/IOPresentment.framework/Versions/A/IOPresentment
0x000000000a233000 	/System/Library/PrivateFrameworks/DSExternalDisplay.framework/Versions/A/DSExternalDisplay
0x000000000a233000 	/System/Library/Frameworks/OpenGL.framework/Versions/A/Libraries/libCoreFSCache.dylib
0x000000000a233000 	/System/Library/Frameworks/MetalPerformanceShaders.framework/Frameworks/MPSCore.framework/Versions/A/MPSCore
0x000000000a233000 	/System/Library/Frameworks/MetalPerformanceShaders.framework/Frameworks/MPSImage.framework/Versions/A/MPSImage
0x000000000a233000 	/System/Library/Frameworks/MetalPerformanceShaders.framework/Frameworks/MPSNeuralNetwork.framework/Versions/A/MPSNeuralNetwork
0x000000000a233000 	/System/Library/Frameworks/MetalPerformanceShaders.framework/Frameworks/MPSMatrix.framework/Versions/A/MPSMatrix
0x000000000a233000 	/System/Library/Frameworks/MetalPerformanceShaders.framework/Frameworks/MPSRayIntersector.framework/Versions/A/MPSRayIntersector
0x000000000a233000 	/System/Library/PrivateFrameworks/MetalTools.framework/Versions/A/MetalTools
0x000000000a233000 	/System/Library/PrivateFrameworks/AggregateDictionary.framework/Versions/A/AggregateDictionary
0x000000000a233000 	/usr/lib/libMobileGestalt.dylib
0x000000000a233000 	/System/Library/Frameworks/CoreVideo.framework/Versions/A/CoreVideo
0x000000000a233000 	/System/Library/PrivateFrameworks/GraphVisualizer.framework/Versions/A/GraphVisualizer
0x000000000a233000 	/System/Library/PrivateFrameworks/FaceCore.framework/Versions/A/FaceCore
0x000000000a233000 	/System/Library/Frameworks/OpenCL.framework/Versions/A/OpenCL
0x000000000a233000 	/usr/lib/libFosl_dynamic.dylib
0x000000000a233000 	/System/Library/PrivateFrameworks/OTSVG.framework/Versions/A/OTSVG
0x000000000a233000 	/System/Library/Frameworks/ApplicationServices.framework/Versions/A/Frameworks/ATS.framework/Versions/A/Resources/libFontParser.dylib
0x000000000a233000 	/System/Library/Frameworks/ApplicationServices.framework/Versions/A/Frameworks/ATS.framework/Versions/A/Resources/libFontRegistry.dylib
0x000000000a233000 	/System/Library/Frameworks/ImageIO.framework/Versions/A/Resources/libJPEG.dylib
0x000000000a233000 	/System/Library/Frameworks/ImageIO.framework/Versions/A/Resources/libTIFF.dylib
0x000000000a233000 	/System/Library/Frameworks/ImageIO.framework/Versions/A/Resources/libPng.dylib
0x000000000a233000 	/System/Library/Frameworks/ImageIO.framework/Versions/A/Resources/libGIF.dylib
0x000000000a233000 	/System/Library/Frameworks/ImageIO.framework/Versions/A/Resources/libJP2.dylib
0x000000000a233000 	/System/Library/Frameworks/ImageIO.framework/Versions/A/Resources/libRadiance.dylib
0x000000000a233000 	/System/Library/PrivateFrameworks/AppleJPEG.framework/Versions/A/AppleJPEG
0x000000000a233000 	/System/Library/Frameworks/OpenGL.framework/Versions/A/Libraries/libGFXShared.dylib
0x000000000a233000 	/System/Library/Frameworks/OpenGL.framework/Versions/A/Libraries/libGLU.dylib
0x000000000a233000 	/System/Library/Frameworks/OpenGL.framework/Versions/A/Libraries/libGL.dylib
0x000000000a233000 	/System/Library/Frameworks/OpenGL.framework/Versions/A/Libraries/libGLImage.dylib
0x000000000a233000 	/System/Library/Frameworks/OpenGL.framework/Versions/A/Libraries/libCVMSPluginSupport.dylib
0x000000000a233000 	/System/Library/Frameworks/OpenGL.framework/Versions/A/Libraries/libCoreVMClient.dylib
0x000000000a233000 	/usr/lib/libcups.2.dylib
0x000000000a233000 	/System/Library/Frameworks/Kerberos.framework/Versions/A/Kerberos
0x000000000a233000 	/System/Library/Frameworks/GSS.framework/Versions/A/GSS
0x000000000a233000 	/usr/lib/libresolv.9.dylib
0x000000000a233000 	/usr/lib/libiconv.2.dylib
0x000000000a233000 	/System/Library/PrivateFrameworks/Heimdal.framework/Versions/A/Heimdal
0x000000000a233000 	/usr/lib/libheimdal-asn1.dylib
0x000000000a233000 	/System/Library/Frameworks/OpenDirectory.framework/Versions/A/OpenDirectory
0x000000000a233000 	/System/Library/PrivateFrameworks/CommonAuth.framework/Versions/A/CommonAuth
0x000000000a233000 	/System/Library/Frameworks/OpenDirectory.framework/Versions/A/Frameworks/CFOpenDirectory.framework/Versions/A/CFOpenDirectory
0x000000000a233000 	/System/Library/Frameworks/SecurityFoundation.framework/Versions/A/SecurityFoundation
0x000000000a233000 	/System/Library/PrivateFrameworks/APFS.framework/Versions/A/APFS
0x000000000a233000 	/usr/lib/libutil.dylib
0x000000000a233000 	/usr/lib/libcharset.1.dylib
0x000000000a233000 	/System/Library/PrivateFrameworks/AppleSauce.framework/Versions/A/AppleSauce
0x000000000a233000 	/System/Library/PrivateFrameworks/AssertionServices.framework/Versions/A/AssertionServices
0x000000000a233000 	/System/Library/PrivateFrameworks/BaseBoard.framework/Versions/A/BaseBoard
0x000000000a233000 	/usr/lib/libmecab.1.0.0.dylib
0x000000000a233000 	/usr/lib/libgermantok.dylib
0x000000000a233000 	/usr/lib/libThaiTokenizer.dylib
0x000000000a233000 	/usr/lib/libChineseTokenizer.dylib
0x000000000a233000 	/System/Library/PrivateFrameworks/LanguageModeling.framework/Versions/A/LanguageModeling
0x000000000a233000 	/System/Library/PrivateFrameworks/CoreEmoji.framework/Versions/A/CoreEmoji
0x000000000a233000 	/System/Library/PrivateFrameworks/Lexicon.framework/Versions/A/Lexicon
0x000000000a233000 	/System/Library/PrivateFrameworks/LinguisticData.framework/Versions/A/LinguisticData
0x000000000a233000 	/usr/lib/libcmph.dylib
0x000000000a233000 	/System/Library/Frameworks/ServiceManagement.framework/Versions/A/ServiceManagement
0x000000000a233000 	/System/Library/PrivateFrameworks/BackgroundTaskManagement.framework/Versions/A/BackgroundTaskManagement
0x000000000a233000 	/usr/lib/libxslt.1.dylib
0x000000000a233000 	/System/Library/Frameworks/Carbon.framework/Versions/A/Frameworks/Ink.framework/Versions/A/Ink
0x000000000a233000 	/System/Library/PrivateFrameworks/TextureIO.framework/Versions/A/TextureIO
0x000000000a233000 	/usr/lib/libate.dylib
0x000000000a233000 	/System/Library/PrivateFrameworks/CrashReporterSupport.framework/Versions/A/CrashReporterSupport
0x000000000a233000 	/System/Library/PrivateFrameworks/Sharing.framework/Versions/A/Sharing
0x000000000a233000 	/System/Library/PrivateFrameworks/AuthKit.framework/Versions/A/AuthKit
0x000000000a233000 	/System/Library/PrivateFrameworks/Apple80211.framework/Versions/A/Apple80211
0x000000000a233000 	/System/Library/PrivateFrameworks/CoreUtils.framework/Versions/A/CoreUtils
0x000000000a233000 	/System/Library/Frameworks/CoreWLAN.framework/Versions/A/CoreWLAN
0x000000000a233000 	/System/Library/Frameworks/IOBluetooth.framework/Versions/A/IOBluetooth
0x000000000a233000 	/System/Library/PrivateFrameworks/ProtocolBuffer.framework/Versions/A/ProtocolBuffer
0x000000000a233000 	/System/Library/PrivateFrameworks/MobileKeyBag.framework/Versions/A/MobileKeyBag
0x000000000a233000 	/System/Library/PrivateFrameworks/CorePhoneNumbers.framework/Versions/A/CorePhoneNumbers
0x000000000a233000 	/System/Library/PrivateFrameworks/AppleIDAuthSupport.framework/Versions/A/AppleIDAuthSupport
0x000000000a233000 	/System/Library/PrivateFrameworks/KeychainCircle.framework/Versions/A/KeychainCircle
0x000000000a233000 	/System/Library/PrivateFrameworks/ROCKit.framework/Versions/A/ROCKit
0x000000000a233000 	/System/Library/PrivateFrameworks/CoreWiFi.framework/Versions/A/CoreWiFi
0x000000000a233000 	/System/Library/Frameworks/CoreBluetooth.framework/Versions/A/CoreBluetooth
0x000000000a233000 	/System/Library/PrivateFrameworks/DebugSymbols.framework/Versions/A/DebugSymbols
0x000000000a233000 	/System/Library/PrivateFrameworks/CoreSymbolication.framework/Versions/A/CoreSymbolication
0x000000000a233000 	/System/Library/PrivateFrameworks/Symbolication.framework/Versions/A/Symbolication
0x000000000a233000 	/System/Library/PrivateFrameworks/SpeechRecognitionCore.framework/Versions/A/SpeechRecognitionCore
0x000000000a233000 	/System/Library/CoreServices/Encodings/libCyrillicConverter.dylib
0x00000001022aa000 	/Library/Java/JavaVirtualMachines/jdk1.8.0_131.jdk/Contents/Home/jre/lib/server/libjvm.dylib
0x000000000a233000 	/usr/lib/libstdc++.6.dylib
0x000000010324d000 	/Library/Java/JavaVirtualMachines/jdk1.8.0_131.jdk/Contents/Home/jre/lib/libverify.dylib
0x000000010325b000 	/Library/Java/JavaVirtualMachines/jdk1.8.0_131.jdk/Contents/Home/jre/lib/libjava.dylib
0x0000000103291000 	/Library/Java/JavaVirtualMachines/jdk1.8.0_131.jdk/Contents/Home/jre/lib/libjdwp.dylib
0x00000001032dc000 	/Library/Java/JavaVirtualMachines/jdk1.8.0_131.jdk/Contents/Home/jre/lib/libnpt.dylib
0x00000001032e0000 	/Library/Java/JavaVirtualMachines/jdk1.8.0_131.jdk/Contents/Home/jre/lib/libinstrument.dylib
0x000000010337e000 	/Library/Java/JavaVirtualMachines/jdk1.8.0_131.jdk/Contents/Home/jre/lib/libzip.dylib
0x000000000a233000 	/System/Library/Frameworks/JavaVM.framework/Versions/A/Frameworks/JavaRuntimeSupport.framework/Versions/A/JavaRuntimeSupport
0x000000000a233000 	/System/Library/Frameworks/JavaVM.framework/Versions/A/Frameworks/JavaNativeFoundation.framework/Versions/A/JavaNativeFoundation
0x000000000a233000 	/System/Library/Frameworks/JavaVM.framework/Versions/A/JavaVM
0x000000000a233000 	/System/Library/Frameworks/Carbon.framework/Versions/A/Carbon
0x000000000a233000 	/System/Library/PrivateFrameworks/JavaLaunching.framework/Versions/A/JavaLaunching
0x000000000a233000 	/System/Library/Frameworks/Carbon.framework/Versions/A/Frameworks/CommonPanels.framework/Versions/A/CommonPanels
0x000000000a233000 	/System/Library/Frameworks/Carbon.framework/Versions/A/Frameworks/Help.framework/Versions/A/Help
0x000000000a233000 	/System/Library/Frameworks/Carbon.framework/Versions/A/Frameworks/ImageCapture.framework/Versions/A/ImageCapture
0x000000000a233000 	/System/Library/Frameworks/Carbon.framework/Versions/A/Frameworks/OpenScripting.framework/Versions/A/OpenScripting
0x000000000a233000 	/System/Library/Frameworks/Carbon.framework/Versions/A/Frameworks/Print.framework/Versions/A/Print
0x000000000a233000 	/System/Library/Frameworks/Carbon.framework/Versions/A/Frameworks/SecurityHI.framework/Versions/A/SecurityHI
0x000000010beb3000 	/Library/Java/JavaVirtualMachines/jdk1.8.0_131.jdk/Contents/Home/jre/lib/libdt_socket.dylib

VM Arguments:
jvm_args: -agentlib:jdwp=transport=dt_socket,address=127.0.0.1:59500,suspend=y,server=n -javaagent:/Users/myronovychsasha/Library/Caches/IntelliJIdea2018.1/captureAgent/debugger-agent.jar=file:/private/var/folders/5k/80y2kmv97fbflhg3tc9pgp500000gn/T/capture.props -Dfile.encoding=UTF-8 
java_command: Tester
java_class_path (initial): /Library/Java/JavaVirtualMachines/jdk1.8.0_131.jdk/Contents/Home/jre/lib/charsets.jar:/Library/Java/JavaVirtualMachines/jdk1.8.0_131.jdk/Contents/Home/jre/lib/deploy.jar:/Library/Java/JavaVirtualMachines/jdk1.8.0_131.jdk/Contents/Home/jre/lib/ext/cldrdata.jar:/Library/Java/JavaVirtualMachines/jdk1.8.0_131.jdk/Contents/Home/jre/lib/ext/dnsns.jar:/Library/Java/JavaVirtualMachines/jdk1.8.0_131.jdk/Contents/Home/jre/lib/ext/jaccess.jar:/Library/Java/JavaVirtualMachines/jdk1.8.0_131.jdk/Contents/Home/jre/lib/ext/jfxrt.jar:/Library/Java/JavaVirtualMachines/jdk1.8.0_131.jdk/Contents/Home/jre/lib/ext/localedata.jar:/Library/Java/JavaVirtualMachines/jdk1.8.0_131.jdk/Contents/Home/jre/lib/ext/nashorn.jar:/Library/Java/JavaVirtualMachines/jdk1.8.0_131.jdk/Contents/Home/jre/lib/ext/sunec.jar:/Library/Java/JavaVirtualMachines/jdk1.8.0_131.jdk/Contents/Home/jre/lib/ext/sunjce_provider.jar:/Library/Java/JavaVirtualMachines/jdk1.8.0_131.jdk/Contents/Home/jre/lib/ext/sunpkcs11.jar:/Library/Java/JavaVirtualMachines/jdk1.8.0_131.jdk/Contents/Home/jre/lib/ext/zipfs.jar:/Library/Java/JavaVirtualMachines/jdk1.8.0_131.jdk/Contents/Home/jre/lib/javaws.jar:/Library/Java/JavaVirtualMachines/jdk1.8.0_131.jdk/Contents/Home/jre/lib/jce.jar:/Library/Java/JavaVirtualMachines/jdk1.8.0_131.jdk/Contents/Home/jre/lib/jfr.jar:/Library/Java/JavaVirtualMachines/jdk1.8.0_131.jdk/Contents/Home/jre/lib/jfxswt.jar:/Library/Java/JavaVirtualMachines/jdk1.8.0_131.jdk/Contents/Home/jre/lib/jsse.jar:/Library/Java/JavaVirtualMachines/jdk1.8.0_131.jdk/Contents/Home/jre/lib/management-agent.jar:/Library/Java/JavaVirtualMachines/jdk1.8.0_131.jdk/Contents/Home/jre/lib/plugin.jar:/Library/Java/JavaVirtualMachines/jdk1.8.0_131.jdk/Contents/Home/jre/lib/resources.jar:/Library/Java/JavaVirtualMachines/jdk1.8.0_131.jdk/Contents/Home/jre/lib/rt.jar:/Library/Java/JavaVirtualMachines/jdk1.8.0_131.jdk/Contents/Home/lib/ant-javafx.jar:/Library/Java/JavaVirtualMachines/jdk1.8.0_131.jdk/Contents/Home
Launcher Type: SUN_STANDARD

Environment Variables:
PATH=/usr/local/bin:/usr/bin:/bin:/usr/sbin:/sbin:/usr/local/share/dotnet:/opt/X11/bin:~/.dotnet/tools:/Library/Frameworks/Mono.framework/Versions/Current/Commands:/Applications/Xamarin Workbooks.app/Contents/SharedSupport/path-bin
SHELL=/bin/bash
DISPLAY=/private/tmp/com.apple.launchd.kvLlKliWvu/org.macosforge.xquartz:0

Signal Handlers:
SIGSEGV: [libjvm.dylib+0x5b1eb1], sa_mask[0]=11111111011111110111111111111111, sa_flags=SA_ONSTACK|SA_RESTART|SA_SIGINFO
SIGBUS: [libjvm.dylib+0x5b1eb1], sa_mask[0]=11111111011111110111111111111111, sa_flags=SA_RESTART|SA_SIGINFO
SIGFPE: [libjvm.dylib+0x488988], sa_mask[0]=11111111011111110111111111111111, sa_flags=SA_RESTART|SA_SIGINFO
SIGPIPE: [libjvm.dylib+0x488988], sa_mask[0]=11111111011111110111111111111111, sa_flags=SA_RESTART|SA_SIGINFO
SIGXFSZ: [libjvm.dylib+0x488988], sa_mask[0]=11111111011111110111111111111111, sa_flags=SA_RESTART|SA_SIGINFO
SIGILL: [libjvm.dylib+0x488988], sa_mask[0]=11111111011111110111111111111111, sa_flags=SA_RESTART|SA_SIGINFO
SIGUSR1: SIG_DFL, sa_mask[0]=00000000000000000000000000000000, sa_flags=none
SIGUSR2: [libjvm.dylib+0x4884a6], sa_mask[0]=00100000000000000000000000000000, sa_flags=SA_RESTART|SA_SIGINFO
SIGHUP: [libjvm.dylib+0x486a7d], sa_mask[0]=11111111011111110111111111111111, sa_flags=SA_RESTART|SA_SIGINFO
SIGINT: [libjvm.dylib+0x486a7d], sa_mask[0]=11111111011111110111111111111111, sa_flags=SA_RESTART|SA_SIGINFO
SIGTERM: [libjvm.dylib+0x486a7d], sa_mask[0]=11111111011111110111111111111111, sa_flags=SA_RESTART|SA_SIGINFO
SIGQUIT: [libjvm.dylib+0x486a7d], sa_mask[0]=11111111011111110111111111111111, sa_flags=SA_RESTART|SA_SIGINFO


---------------  S Y S T E M  ---------------

OS:Bsduname:Darwin 18.0.0 Darwin Kernel Version 18.0.0: Wed Aug 22 20:13:40 PDT 2018; root:xnu-4903.201.2~1/RELEASE_X86_64 x86_64
rlimit: STACK 8192k, CORE 0k, NPROC 709, NOFILE 10240, AS infinity
load average:4.84 5.19 5.21

CPU:total 4 (initial active 4) (2 cores per cpu, 2 threads per core) family 6 model 61 stepping 4, cmov, cx8, fxsr, mmx, sse, sse2, sse3, ssse3, sse4.1, sse4.2, popcnt, avx, avx2, aes, clmul, erms, 3dnowpref, lzcnt, ht, tsc, tscinvbit, bmi1, bmi2, adx

Memory: 4k page, physical 8388608k(99156k free)

/proc/meminfo:


vm_info: Java HotSpot(TM) 64-Bit Server VM (25.131-b11) for bsd-amd64 JRE (1.8.0_131-b11), built on Mar 15 2017 01:32:22 by "java_re" with gcc 4.2.1 (Based on Apple Inc. build 5658) (LLVM build 2336.11.00)

time: Wed Apr 10 17:28:05 2019
elapsed time: 373 seconds (0d 0h 6m 13s)

